16.6.2025 19:32:00 [Notification] Client logger started.
16.6.2025 19:32:00 [Notification] Game Version: v1.20.12 (Stable)
16.6.2025 19:32:00 [Notification] Process path: D:\Vintagestory\Vintagestory.exe
16.6.2025 19:32:00 [Notification] Operating System: Windows 10.0.19045.0
16.6.2025 19:32:00 [Notification] CPU Cores: 8
16.6.2025 19:32:00 [Notification] Available RAM: 28652 MB
16.6.2025 19:32:02 [Notification] OpenAL Initialized. Available Mono/Stereo Sources: 255/1
16.6.2025 19:32:02 [Notification] Graphics Card Vendor: NVIDIA Corporation
16.6.2025 19:32:02 [Notification] Graphics Card Version: 3.3.0 NVIDIA 565.90
16.6.2025 19:32:02 [Notification] Graphics Card Renderer: NVIDIA RTX A4500/PCIe/SSE2
16.6.2025 19:32:02 [Notification] Graphics Card ShadingLanguageVersion: 3.30 NVIDIA via Cg compiler
16.6.2025 19:32:02 [Notification] GL.MaxVertexUniformComponents: 4096
16.6.2025 19:32:02 [Notification] GL.MaxUniformBlockSize: 65536
16.6.2025 19:32:02 [Notification] C# Framework: .net 7.0.10
16.6.2025 19:32:02 [Notification] Cairo Graphics Version: 1.17.3
16.6.2025 19:32:02 [Notification] OpenAL Version: 1.1 ALSOFT 1.23.0
16.6.2025 19:32:02 [Notification] Zstd Version: 1.5.5
16.6.2025 19:32:02 [Notification] Start discovering assets
16.6.2025 19:32:02 [Notification] Found 29 base assets in category lang
16.6.2025 19:32:02 [Notification] Found 0 base assets in category patches
16.6.2025 19:32:02 [Notification] (Re-)loaded frame buffers
16.6.2025 19:32:02 [Notification] Loaded Shaderprogramm for render pass .
16.6.2025 19:32:02 [Notification] Found 24 base assets in category config
16.6.2025 19:32:02 [Notification] Found 0 base assets in category worldproperties
16.6.2025 19:32:02 [Notification] Found 49 base assets in category sounds
16.6.2025 19:32:02 [Notification] Found 95 base assets in category shapes
16.6.2025 19:32:02 [Notification] Waiting for async sound loading...
16.6.2025 19:32:02 [Notification] Found 80 base assets in category shaders
16.6.2025 19:32:02 [Notification] Found 18 base assets in category shaderincludes
16.6.2025 19:32:02 [Notification] Found 140 base assets in category textures
16.6.2025 19:32:02 [Notification] Found 4 base assets in category music
16.6.2025 19:32:02 [Notification] Found 0 base assets in category dialog
16.6.2025 19:32:02 [Notification] Found 439 base assets in total
16.6.2025 19:32:02 [Notification] Loading sounds
16.6.2025 19:32:02 [Notification] Sounds loaded
16.6.2025 19:32:02 [Notification] Begin loading shaders
16.6.2025 19:32:02 [Notification] Load shaders now
16.6.2025 19:32:02 [Notification] Loading shaders...
16.6.2025 19:32:03 [Notification] Loaded Shaderprogramm for render pass standard.
16.6.2025 19:32:03 [Notification] Loaded Shaderprogramm for render pass particlescube.
16.6.2025 19:32:03 [Notification] Loaded Shaderprogramm for render pass particlesquad.
16.6.2025 19:32:03 [Notification] Loaded Shaderprogramm for render pass sky.
16.6.2025 19:32:03 [Notification] Loaded Shaderprogramm for render pass nightsky.
16.6.2025 19:32:03 [Notification] Loaded Shaderprogramm for render pass woittest.
16.6.2025 19:32:03 [Notification] Loaded Shaderprogramm for render pass transparentcompose.
16.6.2025 19:32:03 [Notification] Loaded Shaderprogramm for render pass debugdepthbuffer.
16.6.2025 19:32:03 [Notification] Loaded Shaderprogramm for render pass helditem.
16.6.2025 19:32:03 [Notification] Loaded Shaderprogramm for render pass chunkopaque.
16.6.2025 19:32:03 [Notification] Loaded Shaderprogramm for render pass chunkliquid.
16.6.2025 19:32:03 [Notification] Loaded Shaderprogramm for render pass decals.
16.6.2025 19:32:03 [Notification] Loaded Shaderprogramm for render pass final.
16.6.2025 19:32:03 [Notification] Loaded Shaderprogramm for render pass gui.
16.6.2025 19:32:03 [Notification] Loaded Shaderprogramm for render pass blur.
16.6.2025 19:32:03 [Notification] Loaded Shaderprogramm for render pass chunktransparent.
16.6.2025 19:32:03 [Notification] Loaded Shaderprogramm for render pass findbright.
16.6.2025 19:32:03 [Notification] Loaded Shaderprogramm for render pass chunktopsoil.
16.6.2025 19:32:03 [Notification] Loaded Shaderprogramm for render pass godrays.
16.6.2025 19:32:03 [Notification] Loaded Shaderprogramm for render pass autocamera.
16.6.2025 19:32:03 [Notification] Loaded Shaderprogramm for render pass blockhighlights.
16.6.2025 19:32:03 [Notification] Loaded Shaderprogramm for render pass wireframe.
16.6.2025 19:32:03 [Notification] Loaded Shaderprogramm for render pass entityanimated.
16.6.2025 19:32:03 [Notification] Loaded Shaderprogramm for render pass luma.
16.6.2025 19:32:03 [Notification] Loaded Shaderprogramm for render pass blit.
16.6.2025 19:32:03 [Notification] Loaded Shaderprogramm for render pass particlesquad2d.
16.6.2025 19:32:03 [Notification] Loaded Shaderprogramm for render pass shadowmapentityanimated.
16.6.2025 19:32:03 [Notification] Loaded Shaderprogramm for render pass shadowmapgeneric.
16.6.2025 19:32:03 [Notification] Loaded Shaderprogramm for render pass texture2texture.
16.6.2025 19:32:03 [Notification] Loaded Shaderprogramm for render pass celestialobject.
16.6.2025 19:32:03 [Notification] Loaded Shaderprogramm for render pass guitopsoil.
16.6.2025 19:32:03 [Notification] Loaded Shaderprogramm for render pass colorgrade.
16.6.2025 19:32:03 [Notification] Loaded Shaderprogramm for render pass guigear.
16.6.2025 19:32:03 [Notification] Loaded Shaderprogramm for render pass ssao.
16.6.2025 19:32:03 [Notification] Loaded Shaderprogramm for render pass bilateralblur.
16.6.2025 19:32:03 [Notification] Loaded Shaderprogramm for render pass chunkliquiddepth.
16.6.2025 19:32:03 [Notification] Cached session key is valid, validating with server
16.6.2025 19:32:04 [Notification] Server validation response: Good
16.6.2025 19:32:04 [Notification] Will search the following paths for mods:
16.6.2025 19:32:04 [Notification]     D:\Vintagestory\Mods
16.6.2025 19:32:04 [Notification]     C:\Users\Shadow\AppData\Roaming\VintagestoryData\Mods
16.6.2025 19:32:04 [Warning] [awearablelight] Dependency 'game': Failed parsing version string '1.20.*' at index 5: Expected PATCH version number, found '*' (best guess: 1.20.0)
16.6.2025 19:32:06 [Warning] [spearexpantion] Dependency 'game': Failed parsing version string '1.20.*' at index 5: Expected PATCH version number, found '*' (best guess: 1.20.0)
16.6.2025 19:32:06 [Warning] [realloy] Dependency 'game': Failed parsing version string '1.20.*' at index 5: Expected PATCH version number, found '*' (best guess: 1.20.0)
16.6.2025 19:33:04 [Notification] Initialized GUI Manager
16.6.2025 19:33:04 [Notification] Initialized Server Connection
16.6.2025 19:33:04 [Notification] Server args parsed
16.6.2025 19:33:04 [Notification] Server main instantiated
16.6.2025 19:33:21 [Notification] Processed server identification
16.6.2025 19:33:21 [Notification] Map initialized
16.6.2025 19:33:21 [Notification] Received server assets
16.6.2025 19:33:21 [Notification] Loading and pre-starting client side mods...
16.6.2025 19:33:21 [Notification] Will search the following paths for mods:
16.6.2025 19:33:21 [Notification]     D:\Vintagestory\Mods
16.6.2025 19:33:21 [Notification]     C:\Users\Shadow\AppData\Roaming\VintagestoryData\Mods
16.6.2025 19:33:21 [Warning] [awearablelight] Dependency 'game': Failed parsing version string '1.20.*' at index 5: Expected PATCH version number, found '*' (best guess: 1.20.0)
16.6.2025 19:33:21 [Warning] [spearexpantion] Dependency 'game': Failed parsing version string '1.20.*' at index 5: Expected PATCH version number, found '*' (best guess: 1.20.0)
16.6.2025 19:33:21 [Warning] [realloy] Dependency 'game': Failed parsing version string '1.20.*' at index 5: Expected PATCH version number, found '*' (best guess: 1.20.0)
16.6.2025 19:33:22 [Notification] Found 4 mods (0 disabled)
16.6.2025 19:33:22 [Notification] Mods, sorted by dependency: game, plainsandvalleys, creative, survival
16.6.2025 19:33:22 [Notification] Instantiated 128 mod systems from 4 enabled mods
16.6.2025 19:33:22 [Notification] Done loading and pre-starting client side mods.
16.6.2025 19:33:22 [Notification] External Origins in load order: modorigin@D:\Vintagestory\assets\creative\, modorigin@D:\Vintagestory\assets\survival\, mod@SheerCliffWorldgen.zip
16.6.2025 19:33:22 [Notification] Found 0 external assets in category lang
16.6.2025 19:33:22 [Notification] Found 10 external assets in category patches
16.6.2025 19:33:22 [Notification] Found 109 external assets in category config
16.6.2025 19:33:22 [Notification] Found 25 external assets in category worldproperties
16.6.2025 19:33:22 [Notification] Found 547 external assets in category sounds
16.6.2025 19:33:22 [Notification] Found 5140 external assets in category shapes
16.6.2025 19:33:22 [Notification] Found 7 external assets in category shaders
16.6.2025 19:33:22 [Notification] Found 0 external assets in category shaderincludes
16.6.2025 19:33:22 [Notification] Found 7066 external assets in category textures
16.6.2025 19:33:22 [Notification] Found 78 external assets in category music
16.6.2025 19:33:22 [Notification] Found 18 external assets in category dialog
16.6.2025 19:33:22 [Notification] Found 0 external assets in category compatibility
16.6.2025 19:33:23 [Notification] Reloaded lang file now with mod assets
16.6.2025 19:33:23 [Notification] Compatibility lib: 0 assets added, 0 assets replaced.
16.6.2025 19:33:23 [Notification] JsonPatch Loader: 13 patches total, successfully applied 6 patches, unmet conditions on 24 patches, no errors
16.6.2025 19:33:23 [Notification] Received 3713 item types from server
16.6.2025 19:33:23 [Notification] Loaded 12823 block types from server
16.6.2025 19:33:24 [Notification] Reloaded sounds, now with mod assets
16.6.2025 19:33:26 [Notification] Server launched
16.6.2025 19:33:27 [Notification] Composed 1 4096x4096 entities texture atlases from 570 textures
16.6.2025 19:33:31 [Notification] Collected 2698 shapes to tesselate.
16.6.2025 19:33:32 [Notification] Destroying game session, waiting up to 200ms for client threads to exit
16.6.2025 20:18:56 [Notification] Initialized GUI Manager
16.6.2025 20:18:56 [Notification] Initialized Server Connection
16.6.2025 20:18:56 [Notification] Server args parsed
16.6.2025 20:18:56 [Notification] Server main instantiated
16.6.2025 20:19:04 [Notification] Processed server identification
16.6.2025 20:19:04 [Notification] Map initialized
16.6.2025 20:19:04 [Notification] Received server assets
16.6.2025 20:19:04 [Notification] Loading and pre-starting client side mods...
16.6.2025 20:19:04 [Notification] Will search the following paths for mods:
16.6.2025 20:19:04 [Notification]     D:\Vintagestory\Mods
16.6.2025 20:19:04 [Notification]     C:\Users\Shadow\AppData\Roaming\VintagestoryData\Mods
16.6.2025 20:19:04 [Warning] [awearablelight] Dependency 'game': Failed parsing version string '1.20.*' at index 5: Expected PATCH version number, found '*' (best guess: 1.20.0)
16.6.2025 20:19:04 [Warning] [spearexpantion] Dependency 'game': Failed parsing version string '1.20.*' at index 5: Expected PATCH version number, found '*' (best guess: 1.20.0)
16.6.2025 20:19:04 [Warning] [realloy] Dependency 'game': Failed parsing version string '1.20.*' at index 5: Expected PATCH version number, found '*' (best guess: 1.20.0)
16.6.2025 20:19:04 [Notification] Found 4 mods (0 disabled)
16.6.2025 20:19:04 [Notification] Mods, sorted by dependency: game, repairworkbench, creative, survival
16.6.2025 20:19:04 [Notification] [repairworkbench] Successfully compiled 4 source files
16.6.2025 20:19:04 [Notification] Instantiated 129 mod systems from 4 enabled mods
16.6.2025 20:19:05 [Notification] Done loading and pre-starting client side mods.
16.6.2025 20:19:05 [Notification] Repair Workbench Mod loaded
16.6.2025 20:19:05 [Notification] External Origins in load order: modorigin@D:\Vintagestory\assets\creative\, modorigin@D:\Vintagestory\assets\survival\, mod@RepairWorkbenchMod.zip
16.6.2025 20:19:05 [Notification] Found 1 external assets in category lang
16.6.2025 20:19:05 [Notification] Found 10 external assets in category patches
16.6.2025 20:19:05 [Notification] Found 109 external assets in category config
16.6.2025 20:19:05 [Notification] Found 25 external assets in category worldproperties
16.6.2025 20:19:05 [Notification] Found 547 external assets in category sounds
16.6.2025 20:19:05 [Notification] Found 5146 external assets in category shapes
16.6.2025 20:19:05 [Notification] Found 7 external assets in category shaders
16.6.2025 20:19:05 [Notification] Found 0 external assets in category shaderincludes
16.6.2025 20:19:06 [Notification] Found 7083 external assets in category textures
16.6.2025 20:19:06 [Notification] Found 78 external assets in category music
16.6.2025 20:19:06 [Notification] Found 18 external assets in category dialog
16.6.2025 20:19:06 [Notification] Found 0 external assets in category compatibility
16.6.2025 20:19:06 [Notification] Reloaded lang file now with mod assets
16.6.2025 20:19:06 [Notification] Compatibility lib: 0 assets added, 0 assets replaced.
16.6.2025 20:19:06 [Notification] JsonPatch Loader: 13 patches total, successfully applied 6 patches, unmet conditions on 24 patches, no errors
16.6.2025 20:19:06 [Notification] Received 3714 item types from server
16.6.2025 20:19:06 [Notification] Loaded 12829 block types from server
16.6.2025 20:19:06 [Notification] Server launched
16.6.2025 20:19:07 [Notification] Reloaded sounds, now with mod assets
16.6.2025 20:19:07 [Notification] Composed 1 4096x4096 entities texture atlases from 570 textures
16.6.2025 20:19:07 [Warning] Did not find required shape game:shapes/block/cube.json anywhere. (defined in Shape for block repairworkbench:repairbench-copper)
16.6.2025 20:19:07 [Notification] Collected 2699 shapes to tesselate.
16.6.2025 20:19:08 [Notification] Composed 1 4096x4096 items texture atlases from 1943 textures
16.6.2025 20:19:27 [Warning] Texture asset 'game:textures/block/wood/planks/copper.png' not found (defined in Baked variant of block repairworkbench:repairbench-copper).
16.6.2025 20:19:27 [Notification] Composed 1 4096x4096 blocks texture atlases from 5948 textures
16.6.2025 20:19:27 [Notification] Server assets loaded
16.6.2025 20:19:27 [Notification] UDP: sending connection requests
16.6.2025 20:19:27 [Notification] UDP: Server send DidReceiveUdp
16.6.2025 20:19:28 [Notification] Loaded Shaderprogramm for render pass anvilworkitem.
16.6.2025 20:19:28 [Notification] Loaded Shaderprogramm for render pass standard.
16.6.2025 20:19:28 [Notification] Loaded Shaderprogramm for render pass entityanimated.
16.6.2025 20:19:28 [Notification] Loaded Shaderprogramm for render pass lines.
16.6.2025 20:19:28 [Notification] Loaded Shaderprogramm for render pass aurora.
16.6.2025 20:19:28 [Notification] Initialised WeatherSystemClient. simLightning is loaded.
16.6.2025 20:19:28 [Notification] Loaded Shaderprogramm for render pass rift.
16.6.2025 20:19:28 [Notification] Loaded Shaderprogramm for render pass sleepoverlay.
16.6.2025 20:19:28 [Notification] Loaded Shaderprogramm for render pass machinegear.
16.6.2025 20:19:28 [Notification] Started 86 systems on Client:
16.6.2025 20:19:28 [Notification]     Mod 'VSEssentials.dll' (game):
16.6.2025 20:19:28 [Notification]         Vintagestory.ServerMods.Core
16.6.2025 20:19:28 [Notification]         Vintagestory.GameContent.EntityPartitioning
16.6.2025 20:19:28 [Notification]         Vintagestory.GameContent.ErrorReporter
16.6.2025 20:19:28 [Notification]         Vintagestory.ServerMods.ModCompatiblityUtil
16.6.2025 20:19:28 [Notification]         Vintagestory.ServerMods.NoObf.ModJsonPatchLoader
16.6.2025 20:19:28 [Notification]         Vintagestory.GameContent.ModSystemDormancyStateChecker
16.6.2025 20:19:28 [Notification]         Vintagestory.GameContent.ModSystemItemRendererOptimizer
16.6.2025 20:19:28 [Notification]         Vintagestory.GameContent.ModSystemFpHands
16.6.2025 20:19:28 [Notification]         Vintagestory.GameContent.FallingBlockParticlesModSystem
16.6.2025 20:19:28 [Notification]         Vintagestory.GameContent.CharacterExtraDialogs
16.6.2025 20:19:28 [Notification]         Vintagestory.GameContent.EntityNameTagRendererRegistry
16.6.2025 20:19:28 [Notification]         Vintagestory.GameContent.ModSystemAmbientParticles
16.6.2025 20:19:28 [Notification]         Vintagestory.GameContent.EntityParticleSpawner
16.6.2025 20:19:28 [Notification]         Vintagestory.GameContent.EntityParticleSystem
16.6.2025 20:19:28 [Notification]         Vintagestory.GameContent.POIRegistry
16.6.2025 20:19:28 [Notification]         Vintagestory.GameContent.RoomRegistry
16.6.2025 20:19:28 [Notification]         Vintagestory.GameContent.WeatherSystemCommands
16.6.2025 20:19:28 [Notification]         Vintagestory.GameContent.WeatherSystemClient
16.6.2025 20:19:28 [Notification]         Vintagestory.GameContent.WorldMapManager
16.6.2025 20:19:28 [Notification]         Vintagestory.ServerMods.LoadColorMaps
16.6.2025 20:19:28 [Notification]         Vintagestory.GameContent.ClothManager
16.6.2025 20:19:28 [Notification]     Mod 'VSSurvivalMod.dll' (survival):
16.6.2025 20:19:28 [Notification]         Vintagestory.GameContent.ModSystemControlPoints
16.6.2025 20:19:28 [Notification]         Vintagestory.GameContent.SurvivalCoreSystem
16.6.2025 20:19:28 [Notification]         Vintagestory.Client.NoObf.StoryGenFailedSystem
16.6.2025 20:19:28 [Notification]         Vintagestory.Client.NoObf.ModSystemBossHealthBars
16.6.2025 20:19:28 [Notification]         Vintagestory.ServerMods.UpgradeTasks
16.6.2025 20:19:28 [Notification]         Vintagestory.ServerMods.ModSystemDetailModeSync
16.6.2025 20:19:28 [Notification]         Vintagestory.ServerMods.ModSystemTiledDungeonGenerator
16.6.2025 20:19:28 [Notification]         Vintagestory.ServerMods.GenFromHeightmap
16.6.2025 20:19:28 [Notification]         Vintagestory.ServerMods.GenMaps
16.6.2025 20:19:28 [Notification]         Vintagestory.GameContent.MSShapeFromAttrCacheHelper
16.6.2025 20:19:28 [Notification]         Vintagestory.GameContent.MyceliumSystem
16.6.2025 20:19:28 [Notification]         Vintagestory.GameContent.ModSystemLabelMeshCache
16.6.2025 20:19:28 [Notification]         Vintagestory.GameContent.ModSystemCatchCreature
16.6.2025 20:19:28 [Notification]         Vintagestory.GameContent.ModSystemGliding
16.6.2025 20:19:28 [Notification]         Vintagestory.GameContent.ModSystemMeasuringRope
16.6.2025 20:19:28 [Notification]         Vintagestory.GameContent.ModSystemStopRaiseShieldAnim
16.6.2025 20:19:28 [Notification]         Vintagestory.GameContent.Timeswitch
16.6.2025 20:19:28 [Notification]         Vintagestory.GameContent.ScreenshakeToClientModSystem
16.6.2025 20:19:28 [Notification]         Vintagestory.GameContent.StoryStructureProtection
16.6.2025 20:19:28 [Notification]         Vintagestory.GameContent.StoryStructuresSpawnConditions
16.6.2025 20:19:28 [Notification]         Vintagestory.GameContent.ModSystemVillagerDebug
16.6.2025 20:19:28 [Notification]         Vintagestory.GameContent.ModSystemAuction
16.6.2025 20:19:28 [Notification]         Vintagestory.GameContent.ModSystemBlockReinforcement
16.6.2025 20:19:28 [Notification]         Vintagestory.GameContent.Core
16.6.2025 20:19:28 [Notification]         Vintagestory.GameContent.ModSystemBoatingSound
16.6.2025 20:19:28 [Notification]         Vintagestory.GameContent.ModSystemShipConstructionSitePreview
16.6.2025 20:19:28 [Notification]         Vintagestory.GameContent.CharacterSystem
16.6.2025 20:19:28 [Notification]         Vintagestory.GameContent.MealMeshCache
16.6.2025 20:19:28 [Notification]         Vintagestory.GameContent.VariablesModSystem
16.6.2025 20:19:28 [Notification]         Vintagestory.GameContent.ModsystemElevator
16.6.2025 20:19:28 [Notification]         Vintagestory.GameContent.ActivityModSystem
16.6.2025 20:19:28 [Notification]         Vintagestory.GameContent.ActivityEditorSystem
16.6.2025 20:19:28 [Notification]         Vintagestory.GameContent.FruitingSystem
16.6.2025 20:19:28 [Notification]         Vintagestory.GameContent.ModSystemCommandHandbook
16.6.2025 20:19:28 [Notification]         Vintagestory.GameContent.ModSystemSurvivalHandbook
16.6.2025 20:19:28 [Notification]         Vintagestory.GameContent.ModSystemTutorial
16.6.2025 20:19:28 [Notification]         Vintagestory.GameContent.ModSystemNightVision
16.6.2025 20:19:28 [Notification]         Vintagestory.GameContent.TobiasTeleporter
16.6.2025 20:19:28 [Notification]         Vintagestory.GameContent.ModJournal
16.6.2025 20:19:28 [Notification]         Vintagestory.GameContent.LiquidItemStackRenderer
16.6.2025 20:19:28 [Notification]         Vintagestory.GameContent.ModSystemStructureLocator
16.6.2025 20:19:28 [Notification]         Vintagestory.GameContent.ModLootRandomizer
16.6.2025 20:19:28 [Notification]         Vintagestory.GameContent.MicroBlockModelCache
16.6.2025 20:19:28 [Notification]         Vintagestory.GameContent.ModSystemEntityOwnership
16.6.2025 20:19:28 [Notification]         Vintagestory.GameContent.ModSystemRifts
16.6.2025 20:19:28 [Notification]         Vintagestory.GameContent.ModSystemRiftWeather
16.6.2025 20:19:28 [Notification]         Vintagestory.GameContent.ModSleeping
16.6.2025 20:19:28 [Notification]         Vintagestory.GameContent.ModSystemSupportBeamPlacer
16.6.2025 20:19:28 [Notification]         Vintagestory.GameContent.TeleporterManager
16.6.2025 20:19:28 [Notification]         Vintagestory.GameContent.ModTemperature
16.6.2025 20:19:28 [Notification]         Vintagestory.GameContent.SystemTemporalStability
16.6.2025 20:19:28 [Notification]         Vintagestory.GameContent.TemporalStabilityEffects
16.6.2025 20:19:28 [Notification]         Vintagestory.GameContent.ModSystemWearableStats
16.6.2025 20:19:28 [Notification]         Vintagestory.GameContent.ModSystemEditableBook
16.6.2025 20:19:28 [Notification]         Vintagestory.GameContent.Mechanics.MechanicalPowerMod
16.6.2025 20:19:28 [Notification]         Vintagestory.GameContent.TradeHandbookInfo
16.6.2025 20:19:28 [Notification]         Vintagestory.ServerMods.GenDevastationLayer
16.6.2025 20:19:28 [Notification]         Vintagestory.GameContent.RecipeRegistrySystem
16.6.2025 20:19:28 [Notification]         Vintagestory.GameContent.ModSystemOreMap
16.6.2025 20:19:28 [Notification]         Vintagestory.GameContent.ModSystemSnowballs
16.6.2025 20:19:28 [Notification]         Vintagestory.GameContent.HumanoidOutfits
16.6.2025 20:19:28 [Notification]         Vintagestory.GameContent.ModSystemDevastationEffects
16.6.2025 20:19:28 [Notification]     Mod 'VSCreativeMod.dll' (creative):
16.6.2025 20:19:28 [Notification]         Vintagestory.ServerMods.Core
16.6.2025 20:19:28 [Notification]         Vintagestory.ServerMods.WorldEdit.WorldEdit
16.6.2025 20:19:28 [Notification]     Mod 'RepairWorkbenchMod.zip' (repairworkbench):
16.6.2025 20:19:28 [Notification]         RepairWorkbenchMod.RepairWorkbenchMod
16.6.2025 20:19:28 [Notification] Loading shaders...
16.6.2025 20:19:28 [Notification] UDP: Client can receive UDP packets
16.6.2025 20:19:28 [Notification] Loaded Shaderprogramm for render pass standard.
16.6.2025 20:19:28 [Notification] Loaded Shaderprogramm for render pass particlescube.
16.6.2025 20:19:28 [Notification] Loaded Shaderprogramm for render pass particlesquad.
16.6.2025 20:19:28 [Notification] Loaded Shaderprogramm for render pass sky.
16.6.2025 20:19:28 [Notification] Loaded Shaderprogramm for render pass nightsky.
16.6.2025 20:19:28 [Notification] Loaded Shaderprogramm for render pass woittest.
16.6.2025 20:19:28 [Notification] Loaded Shaderprogramm for render pass transparentcompose.
16.6.2025 20:19:28 [Notification] Loaded Shaderprogramm for render pass debugdepthbuffer.
16.6.2025 20:19:28 [Notification] Loaded Shaderprogramm for render pass helditem.
16.6.2025 20:19:28 [Notification] Loaded Shaderprogramm for render pass chunkopaque.
16.6.2025 20:19:28 [Notification] Loaded Shaderprogramm for render pass chunkliquid.
16.6.2025 20:19:28 [Notification] Loaded Shaderprogramm for render pass decals.
16.6.2025 20:19:28 [Notification] Loaded Shaderprogramm for render pass final.
16.6.2025 20:19:28 [Notification] Loaded Shaderprogramm for render pass gui.
16.6.2025 20:19:28 [Notification] Loaded Shaderprogramm for render pass blur.
16.6.2025 20:19:28 [Notification] Loaded Shaderprogramm for render pass chunktransparent.
16.6.2025 20:19:28 [Notification] Loaded Shaderprogramm for render pass findbright.
16.6.2025 20:19:28 [Notification] Loaded Shaderprogramm for render pass chunktopsoil.
16.6.2025 20:19:28 [Notification] Loaded Shaderprogramm for render pass godrays.
16.6.2025 20:19:28 [Notification] Loaded Shaderprogramm for render pass autocamera.
16.6.2025 20:19:28 [Notification] Loaded Shaderprogramm for render pass blockhighlights.
16.6.2025 20:19:28 [Notification] Loaded Shaderprogramm for render pass wireframe.
16.6.2025 20:19:28 [Notification] Loaded Shaderprogramm for render pass entityanimated.
16.6.2025 20:19:28 [Notification] Loaded Shaderprogramm for render pass luma.
16.6.2025 20:19:28 [Notification] Loaded Shaderprogramm for render pass blit.
16.6.2025 20:19:28 [Notification] Loaded Shaderprogramm for render pass particlesquad2d.
16.6.2025 20:19:28 [Notification] Loaded Shaderprogramm for render pass shadowmapentityanimated.
16.6.2025 20:19:28 [Notification] Loaded Shaderprogramm for render pass shadowmapgeneric.
16.6.2025 20:19:28 [Notification] Loaded Shaderprogramm for render pass texture2texture.
16.6.2025 20:19:28 [Notification] Loaded Shaderprogramm for render pass celestialobject.
16.6.2025 20:19:28 [Notification] Loaded Shaderprogramm for render pass guitopsoil.
16.6.2025 20:19:28 [Notification] Loaded Shaderprogramm for render pass colorgrade.
16.6.2025 20:19:28 [Notification] Loaded Shaderprogramm for render pass guigear.
16.6.2025 20:19:28 [Notification] Loaded Shaderprogramm for render pass ssao.
16.6.2025 20:19:28 [Notification] Loaded Shaderprogramm for render pass bilateralblur.
16.6.2025 20:19:28 [Notification] Loaded Shaderprogramm for render pass chunkliquiddepth.
16.6.2025 20:19:28 [Notification] Loaded Shaderprogramm for render pass anvilworkitem.
16.6.2025 20:19:28 [Notification] Loaded Shaderprogramm for render pass standard.
16.6.2025 20:19:28 [Notification] Loaded Shaderprogramm for render pass entityanimated.
16.6.2025 20:19:28 [Notification] Loaded Shaderprogramm for render pass lines.
16.6.2025 20:19:28 [Notification] Loaded Shaderprogramm for render pass aurora.
16.6.2025 20:19:28 [Notification] Loaded Shaderprogramm for render pass rift.
16.6.2025 20:19:28 [Notification] Loaded Shaderprogramm for render pass sleepoverlay.
16.6.2025 20:19:28 [Notification] Loaded Shaderprogramm for render pass machinegear.
16.6.2025 20:19:28 [Notification] Reloaded shaders now with mod assets
16.6.2025 20:19:29 [Notification] Blocks tesselated
16.6.2025 20:19:29 [Notification] Received level init
16.6.2025 20:19:29 [Notification] Loaded Shaderprogramm for render pass instanced.
16.6.2025 20:19:29 [Notification] Initialized Music Engine
16.6.2025 20:19:29 [Notification] Texture size is 32 so decal atlas size of 128x128 should suffice
16.6.2025 20:19:32 [Notification] Received level finalize
16.6.2025 20:19:32 [Notification] Loaded Shaderprogramm for render pass clouds.
16.6.2025 20:19:32 [Notification] Loading world map cache db...
16.6.2025 20:19:33 [Warning] ===============================================================
16.6.2025 20:19:33 [Warning] (x_x) Captured 12 issues during startup:
16.6.2025 20:19:33 [Warning] [awearablelight] Dependency 'game': Failed parsing version string '1.20.*' at index 5: Expected PATCH version number, found '*' (best guess: 1.20.0)
16.6.2025 20:19:33 [Warning] [spearexpantion] Dependency 'game': Failed parsing version string '1.20.*' at index 5: Expected PATCH version number, found '*' (best guess: 1.20.0)
16.6.2025 20:19:33 [Warning] [realloy] Dependency 'game': Failed parsing version string '1.20.*' at index 5: Expected PATCH version number, found '*' (best guess: 1.20.0)
16.6.2025 20:19:33 [Warning] Did not find required shape game:shapes/block/cube.json anywhere. (defined in Shape for block repairworkbench:repairbench-copper)
16.6.2025 20:19:33 [Warning] Texture asset 'game:textures/block/wood/planks/copper.png' not found (defined in Baked variant of block repairworkbench:repairbench-copper).
16.6.2025 20:19:33 [Warning] ===============================================================
16.6.2025 20:19:36 [Notification] Client pause state is now on
16.6.2025 20:19:38 [Notification] Destroying game session, waiting up to 200ms for client threads to exit
16.6.2025 20:19:38 [Notification] Stopping single player server
16.6.2025 20:19:39 [Notification] Finished fully loading sounds (async)
16.6.2025 20:19:39 [Notification] Exiting current game to main menu, reason: leave world button pressed
