16.6.2025 20:18:56 [Notification] Server logger started.
16.6.2025 20:18:56 [Notification] Game Version: v1.20.12 (Stable)
16.6.2025 20:18:56 [Event] It begins...
16.6.2025 20:18:56 [Event] Launching server...
16.6.2025 20:18:56 [Event] It senses...
16.6.2025 20:18:56 [Event] Server v1.20.12, network v1.20.8, api v1.20.0
16.6.2025 20:18:56 [Notification] Entering runphase Initialization
16.6.2025 20:18:56 [Event] Loading configuration...
16.6.2025 20:18:56 [Notification] Entering runphase Configuration
16.6.2025 20:18:56 [Notification] Loading savegame
16.6.2025 20:18:56 [Notification] Loaded existing save game data. Playstyle: exploration, Playstyle Lang code: preset-exploration, WorldType: preset-exploration
16.6.2025 20:18:56 [Notification] Savegame C:\Users\Shadow\AppData\Roaming\VintagestoryData\Saves\foggy adventure story.vcdbs loaded
16.6.2025 20:18:56 [Notification] World size = 1024000 256 1024000
16.6.2025 20:18:56 [Notification] Start discovering assets
16.6.2025 20:18:56 [Notification] Found 1 base assets in category blocktypes
16.6.2025 20:18:56 [Notification] Found 0 base assets in category itemtypes
16.6.2025 20:18:56 [Notification] Found 29 base assets in category lang
16.6.2025 20:18:56 [Notification] Found 0 base assets in category patches
16.6.2025 20:18:56 [Notification] Found 24 base assets in category config
16.6.2025 20:18:56 [Notification] Found 0 base assets in category worldproperties
16.6.2025 20:18:56 [Notification] Found 49 base assets in category sounds
16.6.2025 20:18:56 [Notification] Found 95 base assets in category shapes
16.6.2025 20:18:56 [Notification] Found 140 base assets in category textures
16.6.2025 20:18:56 [Notification] Found 0 base assets in category recipes
16.6.2025 20:18:56 [Notification] Found 0 base assets in category worldgen
16.6.2025 20:18:56 [Notification] Found 3 base assets in category entities
16.6.2025 20:18:56 [Notification] Found 0 base assets in category compatibility
16.6.2025 20:18:56 [Notification] Found 341 base assets in total
16.6.2025 20:18:56 [Event] Building assets...
16.6.2025 20:18:56 [Notification] Entering runphase LoadAssets
16.6.2025 20:18:56 [Notification] Will search the following paths for mods:
16.6.2025 20:18:56 [Notification]     D:\Vintagestory\Mods
16.6.2025 20:18:56 [Notification]     C:\Users\Shadow\AppData\Roaming\VintagestoryData\Mods
16.6.2025 20:18:56 [Warning] [awearablelight] Dependency 'game': Failed parsing version string '1.20.*' at index 5: Expected PATCH version number, found '*' (best guess: 1.20.0)
16.6.2025 20:18:56 [Warning] [spearexpantion] Dependency 'game': Failed parsing version string '1.20.*' at index 5: Expected PATCH version number, found '*' (best guess: 1.20.0)
16.6.2025 20:18:56 [Warning] [realloy] Dependency 'game': Failed parsing version string '1.20.*' at index 5: Expected PATCH version number, found '*' (best guess: 1.20.0)
16.6.2025 20:18:56 [Notification] Found 190 mods (186 disabled)
16.6.2025 20:18:56 [Notification] Mods, sorted by dependency: game, repairworkbench, creative, survival
16.6.2025 20:18:58 [Notification] [repairworkbench] Successfully compiled 4 source files
16.6.2025 20:18:58 [Notification] Instantiated 129 mod systems from 4 enabled mods
16.6.2025 20:18:58 [Notification] External Origins in load order: modorigin@D:\Vintagestory\assets\creative\, modorigin@D:\Vintagestory\assets\survival\, mod@RepairWorkbenchMod.zip
16.6.2025 20:18:58 [Notification] Found 481 external assets in category blocktypes
16.6.2025 20:18:58 [Notification] Found 273 external assets in category itemtypes
16.6.2025 20:18:58 [Notification] Found 1 external assets in category lang
16.6.2025 20:18:58 [Notification] Found 10 external assets in category patches
16.6.2025 20:18:58 [Notification] Found 109 external assets in category config
16.6.2025 20:18:58 [Notification] Found 25 external assets in category worldproperties
16.6.2025 20:18:58 [Notification] Found 547 external assets in category sounds
16.6.2025 20:18:58 [Notification] Found 5146 external assets in category shapes
16.6.2025 20:18:59 [Notification] Found 7083 external assets in category textures
16.6.2025 20:18:59 [Notification] Found 388 external assets in category recipes
16.6.2025 20:18:59 [Notification] Found 579 external assets in category worldgen
16.6.2025 20:18:59 [Notification] Found 75 external assets in category entities
16.6.2025 20:18:59 [Notification] Found 0 external assets in category compatibility
16.6.2025 20:18:59 [Notification] Reloaded lang file with mod assets
16.6.2025 20:18:59 [Notification] Repair Workbench Mod loaded
16.6.2025 20:18:59 [Notification] Compatibility lib: 0 assets added, 0 assets replaced.
16.6.2025 20:18:59 [Notification] JsonPatch Loader: 13 patches total, successfully applied 13 patches, unmet conditions on 24 patches, no errors
16.6.2025 20:18:59 [Event] It remembers...
16.6.2025 20:19:00 [Notification] Loaded 3712 unique items
16.6.2025 20:19:00 [Event] All that came before...
16.6.2025 20:19:01 [Notification] Loaded 12824 unique blocks
16.6.2025 20:19:01 [Notification] Loaded 679 unique entities
16.6.2025 20:19:01 [Notification] BlockLoader: Entities, Blocks and Items loaded
16.6.2025 20:19:01 [Event] Remapping blocks and items...
16.6.2025 20:19:01 [Event] 14 cooking recipes loaded
16.6.2025 20:19:01 [Event] Taste and smell...
16.6.2025 20:19:02 [Error] [game] An exception was thrown when trying to start the mod:
16.6.2025 20:19:02 [Error] [game] Exception: Object reference not set to an instance of an object.
   at Vintagestory.API.Common.GridRecipe.ResolveIngredients(IWorldAccessor world) in VintagestoryApi\Common\Crafting\GridRecipe.cs:line 174
   at Vintagestory.ServerMods.GridRecipeLoader.LoadRecipe(AssetLocation loc, GridRecipe recipe) in VSEssentials\Loading\GridRecipeLoader.cs:line 67
   at Vintagestory.ServerMods.GridRecipeLoader.LoadGridRecipes() in VSEssentials\Loading\GridRecipeLoader.cs:line 47
   at Vintagestory.ServerMods.GridRecipeLoader.AssetsLoaded(ICoreAPI api) in VSEssentials\Loading\GridRecipeLoader.cs:line 33
   at Vintagestory.Common.ModLoader.TryRunModPhase(Mod mod, ModSystem system, ICoreAPI api, ModRunPhase phase) in VintagestoryLib\Common\API\ModLoader.cs:line 661
16.6.2025 20:19:02 [Error] Failed to run mod phase AssetsLoaded for mod Vintagestory.ServerMods.GridRecipeLoader
16.6.2025 20:19:02 [Event] 9 metal alloys loaded
16.6.2025 20:19:02 [Event] Glimmers in the soil...
16.6.2025 20:19:02 [Event] 251 smithing recipes loaded
16.6.2025 20:19:02 [Event] Burning sparks...
16.6.2025 20:19:02 [Event] 82 clay forming recipes loaded
16.6.2025 20:19:02 [Event] Molded forms...
16.6.2025 20:19:02 [Event] 36 knapping recipes loaded
16.6.2025 20:19:02 [Event] Simple tools...
16.6.2025 20:19:02 [Event] 176 barrel recipes loaded
16.6.2025 20:19:02 [Notification] Entering runphase AssetsFinalize
16.6.2025 20:19:02 [Event] Server assets loaded, parsed, registered and finalized
16.6.2025 20:19:02 [Event] Initialising systems...
16.6.2025 20:19:02 [Notification] Entering runphase LoadGamePre
16.6.2025 20:19:02 [Notification] Reloaded 19 weather patterns, 5 wind patterns and 5 weather events
16.6.2025 20:19:02 [Notification] Started 109 systems on Server:
16.6.2025 20:19:02 [Notification]     Mod 'VSEssentials.dll' (game):
16.6.2025 20:19:02 [Notification]         Vintagestory.ServerMods.Core
16.6.2025 20:19:02 [Notification]         Vintagestory.GameContent.EntityPartitioning
16.6.2025 20:19:02 [Notification]         Vintagestory.GameContent.ErrorReporter
16.6.2025 20:19:02 [Notification]         Vintagestory.ServerMods.ModCompatiblityUtil
16.6.2025 20:19:02 [Notification]         Vintagestory.ServerMods.NoObf.ModJsonPatchLoader
16.6.2025 20:19:02 [Notification]         Vintagestory.Essentials.PathfindSystem
16.6.2025 20:19:02 [Notification]         Vintagestory.Essentials.PathFindDebug
16.6.2025 20:19:02 [Notification]         Vintagestory.Essentials.PathfindingAsync
16.6.2025 20:19:02 [Notification]         Vintagestory.ServerMods.JsonExport
16.6.2025 20:19:02 [Notification]         Vintagestory.ServerMods.ModBasicBlocksLoader
16.6.2025 20:19:02 [Notification]         Vintagestory.GameContent.ModSystemDormancyStateChecker
16.6.2025 20:19:02 [Notification]         Vintagestory.GameContent.AiRuntimeConfig
16.6.2025 20:19:02 [Notification]         Vintagestory.GameContent.ModSystemSyncHarvestableDropsToClient
16.6.2025 20:19:02 [Notification]         Vintagestory.GameContent.ModSystemEmotes
16.6.2025 20:19:02 [Notification]         Vintagestory.GameContent.LeafBlockDecay
16.6.2025 20:19:02 [Notification]         Vintagestory.GameContent.POIRegistry
16.6.2025 20:19:02 [Notification]         Vintagestory.GameContent.RoomRegistry
16.6.2025 20:19:02 [Notification]         Vintagestory.GameContent.WeatherSystemCommands
16.6.2025 20:19:02 [Notification]         Vintagestory.GameContent.WeatherSystemServer
16.6.2025 20:19:02 [Notification]         Vintagestory.GameContent.WorldMapManager
16.6.2025 20:19:02 [Notification]         Vintagestory.ServerMods.NoObf.ModRegistryObjectTypeLoader
16.6.2025 20:19:02 [Notification]         Vintagestory.ServerMods.LoadColorMaps
16.6.2025 20:19:02 [Notification]         Vintagestory.GameContent.ClothManager
16.6.2025 20:19:02 [Notification]         Vintagestory.ServerMods.GridRecipeLoader
16.6.2025 20:19:02 [Notification]     Mod 'VSSurvivalMod.dll' (survival):
16.6.2025 20:19:02 [Notification]         Vintagestory.ServerMods.GenTerra
16.6.2025 20:19:02 [Notification]         Vintagestory.ServerMods.GenSnowLayer
16.6.2025 20:19:02 [Notification]         Vintagestory.GameContent.ModSystemControlPoints
16.6.2025 20:19:02 [Notification]         Vintagestory.GameContent.SurvivalCoreSystem
16.6.2025 20:19:02 [Notification]         Vintagestory.ServerMods.GenTerraPostProcess
16.6.2025 20:19:02 [Notification]         Vintagestory.Client.NoObf.StoryGenFailedSystem
16.6.2025 20:19:02 [Notification]         Vintagestory.ServerMods.UpgradeTasks
16.6.2025 20:19:02 [Notification]         Vintagestory.ServerMods.ChiselBlockBulkSetMaterial
16.6.2025 20:19:02 [Notification]         Vintagestory.ServerMods.ModSystemDetailModeSync
16.6.2025 20:19:02 [Notification]         Vintagestory.ServerMods.NpcControl
16.6.2025 20:19:02 [Notification]         Vintagestory.ServerMods.ModSystemTiledDungeonGenerator
16.6.2025 20:19:02 [Notification]         Vintagestory.ServerMods.GenFromHeightmap
16.6.2025 20:19:02 [Notification]         Vintagestory.ServerMods.GenMaps
16.6.2025 20:19:02 [Notification]         Vintagestory.ServerMods.GenRockStrataNew
16.6.2025 20:19:02 [Notification]         Vintagestory.ServerMods.GenHotSprings
16.6.2025 20:19:02 [Notification]         Vintagestory.ServerMods.GenCreatures
16.6.2025 20:19:02 [Notification]         Vintagestory.ServerMods.WgenCommands
16.6.2025 20:19:02 [Notification]         Vintagestory.GameContent.ModSystemExplosionAffectedStability
16.6.2025 20:19:02 [Notification]         Vintagestory.GameContent.MyceliumSystem
16.6.2025 20:19:02 [Notification]         Vintagestory.GameContent.ModsystemButterflySpawnCondsExtra
16.6.2025 20:19:02 [Notification]         Vintagestory.GameContent.ModSystemCatchCreature
16.6.2025 20:19:02 [Notification]         Vintagestory.GameContent.ModSystemGliding
16.6.2025 20:19:02 [Notification]         Vintagestory.GameContent.ModSystemSwoopDev
16.6.2025 20:19:02 [Notification]         Vintagestory.GameContent.Timeswitch
16.6.2025 20:19:02 [Notification]         Vintagestory.GameContent.ClutterBookshelfUtil
16.6.2025 20:19:02 [Notification]         Vintagestory.GameContent.ScreenshakeToClientModSystem
16.6.2025 20:19:02 [Notification]         Vintagestory.GameContent.ModSystemResoArchiveCommands
16.6.2025 20:19:02 [Notification]         Vintagestory.GameContent.StoryStructureProtection
16.6.2025 20:19:02 [Notification]         Vintagestory.GameContent.StoryStructuresSpawnConditions
16.6.2025 20:19:02 [Notification]         Vintagestory.GameContent.ModSystemVillagerDebug
16.6.2025 20:19:02 [Notification]         Vintagestory.GameContent.ModSystemAuction
16.6.2025 20:19:02 [Notification]         Vintagestory.GameContent.ModSystemBlockReinforcement
16.6.2025 20:19:02 [Notification]         Vintagestory.GameContent.Core
16.6.2025 20:19:02 [Notification]         Vintagestory.GameContent.CharacterSystem
16.6.2025 20:19:02 [Notification]         Vintagestory.GameContent.VariablesModSystem
16.6.2025 20:19:02 [Notification]         Vintagestory.GameContent.ModsystemElevator
16.6.2025 20:19:02 [Notification]         Vintagestory.GameContent.ActivityModSystem
16.6.2025 20:19:02 [Notification]         Vintagestory.GameContent.ActivityEditorSystem
16.6.2025 20:19:02 [Notification]         Vintagestory.GameContent.FruitingSystem
16.6.2025 20:19:02 [Notification]         Vintagestory.GameContent.ModSystemCommandHandbook
16.6.2025 20:19:02 [Notification]         Vintagestory.GameContent.ModSystemTutorial
16.6.2025 20:19:02 [Notification]         Vintagestory.GameContent.ModSystemCorpseReturnTeleporter
16.6.2025 20:19:02 [Notification]         Vintagestory.GameContent.ModSystemNightVision
16.6.2025 20:19:02 [Notification]         Vintagestory.GameContent.TobiasTeleporter
16.6.2025 20:19:02 [Notification]         Vintagestory.GameContent.ModJournal
16.6.2025 20:19:02 [Notification]         Vintagestory.GameContent.LiquidItemStackRenderer
16.6.2025 20:19:02 [Notification]         Vintagestory.GameContent.ModSystemStructureLocator
16.6.2025 20:19:02 [Notification]         Vintagestory.GameContent.ModLootRandomizer
16.6.2025 20:19:02 [Notification]         Vintagestory.GameContent.ModSystemEntityOwnership
16.6.2025 20:19:02 [Notification]         Vintagestory.GameContent.ModSystemRifts
16.6.2025 20:19:02 [Notification]         Vintagestory.GameContent.ModSystemRiftWeather
16.6.2025 20:19:02 [Notification]         Vintagestory.GameContent.ModSleeping
16.6.2025 20:19:02 [Notification]         Vintagestory.GameContent.ModSystemSupportBeamPlacer
16.6.2025 20:19:02 [Notification]         Vintagestory.GameContent.TeleporterManager
16.6.2025 20:19:02 [Notification]         Vintagestory.GameContent.ModTemperature
16.6.2025 20:19:02 [Notification]         Vintagestory.GameContent.SystemTemporalStability
16.6.2025 20:19:02 [Notification]         Vintagestory.GameContent.TemporalStabilityEffects
16.6.2025 20:19:02 [Notification]         Vintagestory.GameContent.ModSystemWearableStats
16.6.2025 20:19:02 [Notification]         Vintagestory.GameContent.ModSystemEditableBook
16.6.2025 20:19:02 [Notification]         Vintagestory.GameContent.Mechanics.MechanicalPowerMod
16.6.2025 20:19:02 [Notification]         Vintagestory.ServerMods.GenDungeons
16.6.2025 20:19:02 [Notification]         Vintagestory.ServerMods.GenDeposits
16.6.2025 20:19:02 [Notification]         Vintagestory.GameContent.GenStoryStructures
16.6.2025 20:19:02 [Notification]         Vintagestory.ServerMods.GenCaves
16.6.2025 20:19:02 [Notification]         Vintagestory.ServerMods.GenStructures
16.6.2025 20:19:02 [Notification]         Vintagestory.ServerMods.GenDevastationLayer
16.6.2025 20:19:02 [Notification]         Vintagestory.ServerMods.GenBlockLayers
16.6.2025 20:19:02 [Notification]         Vintagestory.ServerMods.GenPonds
16.6.2025 20:19:02 [Notification]         Vintagestory.ServerMods.GenStructuresPosPass
16.6.2025 20:19:02 [Notification]         Vintagestory.ServerMods.GenVegetationAndPatches
16.6.2025 20:19:02 [Notification]         Vintagestory.GameContent.RecipeRegistrySystem
16.6.2025 20:19:02 [Notification]         Vintagestory.ServerMods.GenRivulets
16.6.2025 20:19:02 [Notification]         Vintagestory.ServerMods.GenLightSurvival
16.6.2025 20:19:02 [Notification]         Vintagestory.ServerMods.RecipeLoader
16.6.2025 20:19:02 [Notification]         Vintagestory.GameContent.ModSystemFireFromLightning
16.6.2025 20:19:02 [Notification]         Vintagestory.GameContent.ModSystemOreMap
16.6.2025 20:19:02 [Notification]         Vintagestory.GameContent.ModSystemSnowballs
16.6.2025 20:19:02 [Notification]         Vintagestory.GameContent.HumanoidOutfits
16.6.2025 20:19:02 [Notification]         Vintagestory.GameContent.ModSystemDevastationEffects
16.6.2025 20:19:02 [Notification]         Vintagestory.GameContent.DisableRecipeRegisteringSystem
16.6.2025 20:19:02 [Notification]     Mod 'VSCreativeMod.dll' (creative):
16.6.2025 20:19:02 [Notification]         Vintagestory.ServerMods.Core
16.6.2025 20:19:02 [Notification]         Vintagestory.ServerMods.WorldEdit.WorldEdit
16.6.2025 20:19:02 [Notification]         Vintagestory.ServerMods.GenBlockLayersFlat
16.6.2025 20:19:02 [Notification]         Vintagestory.ServerMods.GenLightCreative
16.6.2025 20:19:02 [Notification]     Mod 'RepairWorkbenchMod.zip' (repairworkbench):
16.6.2025 20:19:02 [Notification]         RepairWorkbenchMod.RepairWorkbenchMod
16.6.2025 20:19:03 [Notification] Server map set
16.6.2025 20:19:03 [Event] A world unbroken...
16.6.2025 20:19:03 [Notification] Entering runphase LoadGame
16.6.2025 20:19:03 [Notification] Entering runphase WorldReady
16.6.2025 20:19:03 [Event] The center unfolding...
16.6.2025 20:19:03 [Event] Starting world generators...
16.6.2025 20:19:04 [Notification] Sending server identification with remap False.  Server control privilege is True
16.6.2025 20:19:04 [Notification] Reloaded 35 tree generators
16.6.2025 20:19:04 [Event] Loading 7x7x8 spawn chunks...
16.6.2025 20:19:04 [Event] 0% (49 in queue)
16.6.2025 20:19:04 [Event] The carved mountains...
16.6.2025 20:19:06 [Event] Begin game ticking...
16.6.2025 20:19:06 [Event] ... it calls to you
16.6.2025 20:19:06 [Notification] Entering runphase RunGame
16.6.2025 20:19:06 [Notification] Successfully loaded 0 waypoints
16.6.2025 20:19:06 [Notification] Starting server threads
16.6.2025 20:19:06 [Event] Singleplayer Server now running!
16.6.2025 20:19:06 [Event] Return again.
16.6.2025 20:19:06 [Notification] Please be aware that as of 1.20, servers default configurations have changed - servers no longer register themselves to the public servers list and are invite-only (whitelisted) out of the box. If you desire so, you can enable server advertising with '/serverconfig advertise on' and disable the whitelist mode with '/serverconfig whitelistmode off'
16.6.2025 20:19:06 [Notification] All clients disconnected, pausing game calendar.
16.6.2025 20:19:16 [Warning] Server overloaded. A tick took 864ms to complete.
16.6.2025 20:19:27 [Notification] A Client attempts connecting via Dummy connection on 127.0.0.1:0, assigning client id 1
16.6.2025 20:19:27 [Notification] Client 1 uid MFdMf04c0KtP+43tPbhkJagw attempting identification. Name: Valhamyr
16.6.2025 20:19:27 [Notification] Upped server view distance because player is locally connected
16.6.2025 20:19:27 [Notification] Delayed join, need to load one spawn chunk first.
16.6.2025 20:19:27 [Notification] UDP: Client 1 connected via: 0.0.0.0:0
16.6.2025 20:19:28 [Notification] Placing Valhamyr at 511969.1360473633 111.00006103515625 511977.7786254883
16.6.2025 20:19:32 [Event] Valhamyr 127.0.0.1:0 joins.
16.6.2025 20:19:32 [Notification] A client reconnected, resuming game calendar.
16.6.2025 20:19:33 [Warning] [awearablelight] Dependency 'game': Failed parsing version string '1.20.*' at index 5: Expected PATCH version number, found '*' (best guess: 1.20.0)
16.6.2025 20:19:33 [Warning] [spearexpantion] Dependency 'game': Failed parsing version string '1.20.*' at index 5: Expected PATCH version number, found '*' (best guess: 1.20.0)
16.6.2025 20:19:33 [Warning] [realloy] Dependency 'game': Failed parsing version string '1.20.*' at index 5: Expected PATCH version number, found '*' (best guess: 1.20.0)
16.6.2025 20:19:33 [Error] [game] An exception was thrown when trying to start the mod:
16.6.2025 20:19:33 [Error] [game] Exception: Object reference not set to an instance of an object.
   at Vintagestory.API.Common.GridRecipe.ResolveIngredients(IWorldAccessor world) in VintagestoryApi\Common\Crafting\GridRecipe.cs:line 174
   at Vintagestory.ServerMods.GridRecipeLoader.LoadRecipe(AssetLocation loc, GridRecipe recipe) in VSEssentials\Loading\GridRecipeLoader.cs:line 67
   at Vintagestory.ServerMods.GridRecipeLoader.LoadGridRecipes() in VSEssentials\Loading\GridRecipeLoader.cs:line 47
   at Vintagestory.ServerMods.GridRecipeLoader.AssetsLoaded(ICoreAPI api) in VSEssentials\Loading\GridRecipeLoader.cs:line 33
   at Vintagestory.Common.ModLoader.TryRunModPhase(Mod mod, ModSystem system, ICoreAPI api, ModRunPhase phase) in VintagestoryLib\Common\API\ModLoader.cs:line 661
16.6.2025 20:19:33 [Error] Failed to run mod phase AssetsLoaded for mod Vintagestory.ServerMods.GridRecipeLoader
16.6.2025 20:19:33 [Warning] Server overloaded. A tick took 864ms to complete.
16.6.2025 20:19:36 [Notification] Server ticking has been suspended
16.6.2025 20:19:38 [Notification] Client 1 disconnected: Server shutting down - Exit request by client
16.6.2025 20:19:38 [Notification] Last player disconnected, compacting large object heap...
16.6.2025 20:19:39 [Notification] UDP: client disconnected Valhamyr
16.6.2025 20:19:39 [Event] Player Valhamyr got removed. Reason: Server shutting down - Exit request by client
16.6.2025 20:19:39 [Notification] Server stop requested, begin shutdown sequence. Stop reason: Exit request by client
16.6.2025 20:19:39 [Notification] Entering runphase Shutdown
16.6.2025 20:19:39 [Event] Mods and systems notified, now saving everything...
16.6.2025 20:19:39 [Event] It pauses.
16.6.2025 20:19:39 [Event] One last gaze...
16.6.2025 20:19:39 [Event] Saved player world data...
16.6.2025 20:19:39 [Event] Saved map regions...
16.6.2025 20:19:39 [Event] Then all goes quiet...
16.6.2025 20:19:39 [Event] Saved map chunks...
16.6.2025 20:19:39 [Event] The waters recede...
16.6.2025 20:19:39 [Event] Saved loaded chunks...
16.6.2025 20:19:39 [Event] The mountains fade...
16.6.2025 20:19:39 [Event] The dark settles in.
16.6.2025 20:19:39 [Event] Saved generating chunks...
16.6.2025 20:19:39 [Event] Saved savegamedata...2
16.6.2025 20:19:39 [Event] World saved! Saved 34 chunks, 0 mapchunks, 16 mapregions.
16.6.2025 20:19:39 [Event] It sighs...
16.6.2025 20:19:39 [Event] Shutting down 10 server threads... 
16.6.2025 20:19:39 [Event] Killed console thread
16.6.2025 20:19:39 [Event] Alone again...
16.6.2025 20:19:40 [Event] All threads gracefully shut down
16.6.2025 20:19:40 [Event] Time to rest.
16.6.2025 20:19:40 [Event] Doing last tick...
16.6.2025 20:19:40 [Event] Stopped the server!
